0 info it worked if it ends with ok
1 verbose cli [ '/usr/bin/node',
1 verbose cli   '/usr/bin/npm',
1 verbose cli   'install',
1 verbose cli   '--save',
1 verbose cli   'node-memwatch' ]
2 info using npm@1.4.3
3 info using node@v0.10.26
4 warn package.json Ip-Rank-By-Name@ No description
5 warn package.json Ip-Rank-By-Name@ No repository field.
6 warn package.json Ip-Rank-By-Name@ No README data
7 verbose readDependencies using package.json deps
8 verbose cache add [ 'node-memwatch', null ]
9 verbose cache add name=undefined spec="node-memwatch" args=["node-memwatch",null]
10 verbose parsed url { protocol: null,
10 verbose parsed url   slashes: null,
10 verbose parsed url   auth: null,
10 verbose parsed url   host: null,
10 verbose parsed url   port: null,
10 verbose parsed url   hostname: null,
10 verbose parsed url   hash: null,
10 verbose parsed url   search: null,
10 verbose parsed url   query: null,
10 verbose parsed url   pathname: 'node-memwatch',
10 verbose parsed url   path: 'node-memwatch',
10 verbose parsed url   href: 'node-memwatch' }
11 silly lockFile 9dcd4c05-node-memwatch node-memwatch
12 verbose lock node-memwatch /home/tantrik/.npm/9dcd4c05-node-memwatch.lock
13 silly lockFile 9dcd4c05-node-memwatch node-memwatch
14 silly lockFile 9dcd4c05-node-memwatch node-memwatch
15 verbose addNamed [ 'node-memwatch', '' ]
16 verbose addNamed [ null, '*' ]
17 silly lockFile 2044348b-node-memwatch node-memwatch@
18 verbose lock node-memwatch@ /home/tantrik/.npm/2044348b-node-memwatch.lock
19 silly addNameRange { name: 'node-memwatch', range: '*', hasData: false }
20 verbose url raw node-memwatch
21 verbose url resolving [ 'https://registry.npmjs.org/', './node-memwatch' ]
22 verbose url resolved https://registry.npmjs.org/node-memwatch
23 info trying registry request attempt 1 at 15:55:05
24 http GET https://registry.npmjs.org/node-memwatch
25 http 404 https://registry.npmjs.org/node-memwatch
26 silly registry.get cb [ 404,
26 silly registry.get   { date: 'Mon, 23 Jun 2014 10:29:53 GMT',
26 silly registry.get     server: 'CouchDB/1.5.0 (Erlang OTP/R16B03)',
26 silly registry.get     'content-type': 'application/json',
26 silly registry.get     'cache-control': 'max-age=0',
26 silly registry.get     'content-length': '52',
26 silly registry.get     'accept-ranges': 'bytes',
26 silly registry.get     via: '1.1 varnish',
26 silly registry.get     age: '0',
26 silly registry.get     'x-served-by': 'cache-sv61-SJC3',
26 silly registry.get     'x-cache': 'MISS',
26 silly registry.get     'x-cache-hits': '0',
26 silly registry.get     'x-timer': 'S1403519393.590814,VS0,VE32',
26 silly registry.get     'keep-alive': 'timeout=10, max=50',
26 silly registry.get     connection: 'Keep-Alive' } ]
27 silly lockFile 2044348b-node-memwatch node-memwatch@
28 silly lockFile 2044348b-node-memwatch node-memwatch@
29 error 404 'node-memwatch' is not in the npm registry.
29 error 404 You should bug the author to publish it
29 error 404 It was specified as a dependency of 'Ip-Rank-By-Name'
29 error 404
29 error 404 Maybe try 'npm search memwatch'
29 error 404
29 error 404 Note that you can also install from a
29 error 404 tarball, folder, or http url, or git url.
30 error System Linux 3.14.1-1-ARCH
31 error command "/usr/bin/node" "/usr/bin/npm" "install" "--save" "node-memwatch"
32 error cwd /home/tantrik/aptitutor
33 error node -v v0.10.26
34 error npm -v 1.4.3
35 error code E404
36 verbose exit [ 1, true ]
